build/app/intermediates/manifest_merge_blame_file/release/manifest-merger-blame-release-report.txt
1<?xml version="1.0" encoding="utf-8"?>
2<manifest xmlns:android="http://schemas.android.com/apk/res/android"
3    package="com.mytop10storeuser.user"
4    android:versionCode="1"
5    android:versionName="1.0.0" >
6
7    <uses-sdk
8        android:minSdkVersion="21"
8-->src\main\AndroidManifest.xml
9        android:targetSdkVersion="33" />
9-->src\main\AndroidManifest.xml
10
11    <uses-permission android:name="android.permission.INTERNET" />
11-->src\main\AndroidManifest.xml:4:5-67
11-->src\main\AndroidManifest.xml:4:22-64
12    <uses-permission android:name="android.permission.WRITE_EXTERNAL_STORAGE" />
12-->src\main\AndroidManifest.xml:5:5-81
12-->src\main\AndroidManifest.xml:5:22-78
13    <uses-permission android:name="android.permission.ACCESS_FINE_LOCATION" />
13-->src\main\AndroidManifest.xml:6:5-79
13-->src\main\AndroidManifest.xml:6:22-76
14    <uses-permission android:name="android.permission.READ_EXTERNAL_STORAGE" />
14-->src\main\AndroidManifest.xml:7:5-80
14-->src\main\AndroidManifest.xml:7:22-77
15    <uses-permission android:name="android.permission.ACCESS_COARSE_LOCATION" />
15-->src\main\AndroidManifest.xml:8:5-81
15-->src\main\AndroidManifest.xml:8:22-78
16    <uses-permission android:name="android.permission.RECORD_AUDIO" />
16-->src\main\AndroidManifest.xml:9:5-71
16-->src\main\AndroidManifest.xml:9:22-68
17    <uses-permission android:name="android.permission.POST_NOTIFICATIONS" />
17-->src\main\AndroidManifest.xml:10:5-76
17-->src\main\AndroidManifest.xml:10:22-74
18    <!-- <uses-permission android:name="android.permission.ACCESS_BACKGROUND_LOCATION" /> -->
19
20    <queries>
20-->src\main\AndroidManifest.xml:13:5-17:15
21        <intent>
21-->src\main\AndroidManifest.xml:14:9-16:18
22            <action android:name="android.speech.RecognitionService" />
22-->src\main\AndroidManifest.xml:15:13-72
22-->src\main\AndroidManifest.xml:15:21-69
23        </intent>
24        <intent>
24-->[:file_picker] AndroidManifest.xml:10:9-14:18
25            <action android:name="android.intent.action.GET_CONTENT" />
25-->[:file_picker] AndroidManifest.xml:11:13-72
25-->[:file_picker] AndroidManifest.xml:11:21-69
26
27            <data android:mimeType="*/*" />
27-->[:file_picker] AndroidManifest.xml:13:13-44
27-->[:file_picker] AndroidManifest.xml:13:19-41
28        </intent>
29        <intent>
29-->[:flutter_downloader] AndroidManifest.xml:9:9-11:18
30            <action android:name="android.intent.action.VIEW" />
30-->[:flutter_downloader] AndroidManifest.xml:10:13-65
30-->[:flutter_downloader] AndroidManifest.xml:10:21-62
31        </intent>
32        <intent>
32-->[com.razorpay:checkout:1.6.29] AndroidManifest.xml:13:9-19:18
33            <action android:name="android.intent.action.VIEW" />
33-->[:flutter_downloader] AndroidManifest.xml:10:13-65
33-->[:flutter_downloader] AndroidManifest.xml:10:21-62
34
35            <data
35-->[:file_picker] AndroidManifest.xml:13:13-44
36                android:mimeType="*/*"
36-->[:file_picker] AndroidManifest.xml:13:19-41
37                android:scheme="*" />
38        </intent>
39        <intent>
39-->[com.razorpay:checkout:1.6.29] AndroidManifest.xml:20:9-29:18
40            <action android:name="android.intent.action.VIEW" />
40-->[:flutter_downloader] AndroidManifest.xml:10:13-65
40-->[:flutter_downloader] AndroidManifest.xml:10:21-62
41
42            <category android:name="android.intent.category.BROWSABLE" />
42-->[com.razorpay:checkout:1.6.29] AndroidManifest.xml:23:13-74
42-->[com.razorpay:checkout:1.6.29] AndroidManifest.xml:23:23-71
43
44            <data
44-->[:file_picker] AndroidManifest.xml:13:13-44
45                android:host="pay"
46                android:mimeType="*/*"
46-->[:file_picker] AndroidManifest.xml:13:19-41
47                android:scheme="upi" />
48        </intent>
49        <intent>
49-->[com.razorpay:checkout:1.6.29] AndroidManifest.xml:30:9-32:18
50            <action android:name="android.intent.action.MAIN" />
50-->src\main\AndroidManifest.xml:50:17-69
50-->src\main\AndroidManifest.xml:50:25-66
51        </intent>
52        <intent>
52-->[com.razorpay:checkout:1.6.29] AndroidManifest.xml:33:9-37:18
53            <action android:name="android.intent.action.SEND" />
53-->[com.razorpay:checkout:1.6.29] AndroidManifest.xml:34:13-65
53-->[com.razorpay:checkout:1.6.29] AndroidManifest.xml:34:21-62
54
55            <data android:mimeType="*/*" />
55-->[:file_picker] AndroidManifest.xml:13:13-44
55-->[:file_picker] AndroidManifest.xml:13:19-41
56        </intent>
57        <intent>
57-->[com.razorpay:checkout:1.6.29] AndroidManifest.xml:38:9-40:18
58            <action android:name="rzp.device_token.share" />
58-->[com.razorpay:checkout:1.6.29] AndroidManifest.xml:39:13-61
58-->[com.razorpay:checkout:1.6.29] AndroidManifest.xml:39:21-58
59        </intent> <!-- Specific apps you interact with, eg: -->
60        <package android:name="com.paytm.pgsdk.TransactionManager.PAYTM_APP_PACKAGE" /> <!-- Needs to be explicitly declared on Android R+ -->
60-->[com.paytm.appinvokesdk:appinvokesdk:1.6.4] AndroidManifest.xml:12:9-88
60-->[com.paytm.appinvokesdk:appinvokesdk:1.6.4] AndroidManifest.xml:12:18-85
61        <package android:name="com.google.android.apps.maps" />
61-->[com.google.android.gms:play-services-maps:18.1.0] AndroidManifest.xml:33:9-64
61-->[com.google.android.gms:play-services-maps:18.1.0] AndroidManifest.xml:33:18-61
62    </queries>
63
64    <uses-permission android:name="android.permission.WAKE_LOCK" />
64-->[:firebase_messaging] AndroidManifest.xml:8:5-68
64-->[:firebase_messaging] AndroidManifest.xml:8:22-65
65    <uses-permission android:name="android.permission.ACCESS_NETWORK_STATE" />
65-->[:firebase_messaging] AndroidManifest.xml:9:5-79
65-->[:firebase_messaging] AndroidManifest.xml:9:22-76
66    <uses-permission android:name="android.permission.FOREGROUND_SERVICE" />
66-->[:geolocator_android] AndroidManifest.xml:7:5-77
66-->[:geolocator_android] AndroidManifest.xml:7:22-74
67    <uses-permission android:name="android.permission.RECEIVE_BOOT_COMPLETED" />
67-->[:flutter_local_notifications] AndroidManifest.xml:7:5-81
67-->[:flutter_local_notifications] AndroidManifest.xml:7:22-78
68    <uses-permission android:name="android.permission.VIBRATE" />
68-->[:flutter_local_notifications] AndroidManifest.xml:8:5-66
68-->[:flutter_local_notifications] AndroidManifest.xml:8:22-63
69    <uses-permission android:name="android.permission.USE_FULL_SCREEN_INTENT" />
69-->[:flutter_local_notifications] AndroidManifest.xml:9:5-81
69-->[:flutter_local_notifications] AndroidManifest.xml:9:22-78
70    <uses-permission android:name="android.permission.SCHEDULE_EXACT_ALARM" />
70-->[:flutter_local_notifications] AndroidManifest.xml:10:5-79
70-->[:flutter_local_notifications] AndroidManifest.xml:10:22-76
71    <uses-permission android:name="android.permission.BLUETOOTH_CONNECT" /> <!-- Required by older versions of Google Play services to create IID tokens -->
71-->[:speech_to_text] AndroidManifest.xml:7:5-76
71-->[:speech_to_text] AndroidManifest.xml:7:22-73
72    <uses-permission android:name="com.google.android.c2dm.permission.RECEIVE" />
72-->[com.google.firebase:firebase-messaging:23.1.0] AndroidManifest.xml:28:5-82
72-->[com.google.firebase:firebase-messaging:23.1.0] AndroidManifest.xml:28:22-79
73    <uses-permission android:name="com.google.android.gms.permission.AD_ID" />
73-->[com.google.android.gms:play-services-measurement-api:21.2.0] AndroidManifest.xml:25:5-79
73-->[com.google.android.gms:play-services-measurement-api:21.2.0] AndroidManifest.xml:25:22-76
74    <uses-permission android:name="android.permission.READ_PHONE_STATE" />
74-->[com.paytm.easypay:easypay-appinvoke:1.7.3] AndroidManifest.xml:10:5-75
74-->[com.paytm.easypay:easypay-appinvoke:1.7.3] AndroidManifest.xml:10:22-72
75
76    <uses-feature
76-->[com.google.android.gms:play-services-maps:18.1.0] AndroidManifest.xml:26:5-28:35
77        android:glEsVersion="0x00020000"
77-->[com.google.android.gms:play-services-maps:18.1.0] AndroidManifest.xml:27:9-41
78        android:required="true" />
78-->[com.google.android.gms:play-services-maps:18.1.0] AndroidManifest.xml:28:9-32
79
80    <uses-permission android:name="com.google.android.finsky.permission.BIND_GET_INSTALL_REFERRER_SERVICE" />
80-->[com.google.android.gms:play-services-measurement:21.2.0] AndroidManifest.xml:26:5-110
80-->[com.google.android.gms:play-services-measurement:21.2.0] AndroidManifest.xml:26:22-107
81
82    <application
82-->src\main\AndroidManifest.xml:18:5-68:19
83        android:appComponentFactory="androidx.core.app.CoreComponentFactory"
83-->[androidx.core:core:1.8.0] AndroidManifest.xml:24:18-86
84        android:icon="@mipmap/ic_launcher"
84-->src\main\AndroidManifest.xml:19:9-43
85        android:label="My Top 10 Store"
85-->src\main\AndroidManifest.xml:20:9-40
86        android:requestLegacyExternalStorage="true"
86-->src\main\AndroidManifest.xml:21:9-52
87        android:usesCleartextTraffic="true" >
87-->src\main\AndroidManifest.xml:22:9-44
88        <meta-data
88-->src\main\AndroidManifest.xml:24:9-123
89            android:name="com.google.android.geo.API_KEY"
89-->src\main\AndroidManifest.xml:24:20-65
90            android:value="AIzaSyB7F5pGTk1Yqwj5_ayYsVBcFtVyx29C0MM" />
90-->src\main\AndroidManifest.xml:24:66-121
91
92        <activity
92-->src\main\AndroidManifest.xml:25:9-57:20
93            android:name="com.mytop10storeuser.user.MainActivity"
93-->src\main\AndroidManifest.xml:26:13-41
94            android:configChanges="orientation|keyboardHidden|keyboard|screenSize|smallestScreenSize|locale|layoutDirection|fontScale|screenLayout|density|uiMode"
94-->src\main\AndroidManifest.xml:28:13-163
95            android:exported="true"
95-->src\main\AndroidManifest.xml:27:13-36
96            android:hardwareAccelerated="true"
96-->src\main\AndroidManifest.xml:29:13-47
97            android:launchMode="singleTop"
97-->src\main\AndroidManifest.xml:30:13-43
98            android:theme="@style/LaunchTheme"
98-->src\main\AndroidManifest.xml:31:13-47
99            android:windowSoftInputMode="adjustResize" >
99-->src\main\AndroidManifest.xml:32:13-55
100
101            <!--
102                 Specifies an Android theme to apply to this Activity as soon as
103                 the Android process has started. This theme is visible to the user
104                 while the Flutter UI initializes. After that, this theme continues
105                 to determine the Window background behind the Flutter UI.
106            -->
107            <meta-data
107-->src\main\AndroidManifest.xml:37:13-39:57
108                android:name="io.flutter.embedding.android.NormalTheme"
108-->src\main\AndroidManifest.xml:38:17-72
109                android:resource="@style/NormalTheme" />
109-->src\main\AndroidManifest.xml:39:17-54
110            <!--
111                 Displays an Android View that continues showing the launch screen
112                 Drawable until Flutter paints its first frame, then this splash
113                 screen fades out. A splash screen is useful to avoid any visual
114                 gap between the end of Android's launch screen and the painting of
115                 Flutter's first frame.
116            -->
117            <!--
118                <meta-data
119                android:name="io.flutter.embedding.android.SplashScreenDrawable"
120                android:resource="@drawable/launch_background" />
121            -->
122
123            <intent-filter>
123-->src\main\AndroidManifest.xml:49:13-52:29
124                <action android:name="android.intent.action.MAIN" />
124-->src\main\AndroidManifest.xml:50:17-69
124-->src\main\AndroidManifest.xml:50:25-66
125
126                <category android:name="android.intent.category.LAUNCHER" />
126-->src\main\AndroidManifest.xml:51:17-77
126-->src\main\AndroidManifest.xml:51:27-74
127            </intent-filter>
128            <intent-filter>
128-->src\main\AndroidManifest.xml:53:13-56:29
129                <action android:name="FLUTTER_NOTIFICATION_CLICK" />
129-->src\main\AndroidManifest.xml:54:17-69
129-->src\main\AndroidManifest.xml:54:25-66
130
131                <category android:name="android.intent.category.DEFAULT" />
131-->src\main\AndroidManifest.xml:55:17-76
131-->src\main\AndroidManifest.xml:55:27-73
132            </intent-filter>
133        </activity>
134        <activity
134-->src\main\AndroidManifest.xml:58:9-62:71
135            android:name="com.yalantis.ucrop.UCropActivity"
135-->src\main\AndroidManifest.xml:59:13-60
136            android:exported="true"
136-->src\main\AndroidManifest.xml:61:13-36
137            android:screenOrientation="portrait"
137-->src\main\AndroidManifest.xml:60:13-49
138            android:theme="@style/Theme.AppCompat.Light.NoActionBar" />
138-->src\main\AndroidManifest.xml:62:13-69
139        <!--
140             Don't delete the meta-data below.
141             This is used by the Flutter tool to generate GeneratedPluginRegistrant.java
142        -->
143        <meta-data
143-->src\main\AndroidManifest.xml:65:9-67:33
144            android:name="flutterEmbedding"
144-->src\main\AndroidManifest.xml:66:13-44
145            android:value="2" />
145-->src\main\AndroidManifest.xml:67:13-30
146
147        <service
147-->[:firebase_messaging] AndroidManifest.xml:14:9-17:72
148            android:name="io.flutter.plugins.firebase.messaging.FlutterFirebaseMessagingBackgroundService"
148-->[:firebase_messaging] AndroidManifest.xml:15:13-107
149            android:exported="false"
149-->[:firebase_messaging] AndroidManifest.xml:16:13-37
150            android:permission="android.permission.BIND_JOB_SERVICE" />
150-->[:firebase_messaging] AndroidManifest.xml:17:13-69
151        <service
151-->[:firebase_messaging] AndroidManifest.xml:18:9-24:19
152            android:name="io.flutter.plugins.firebase.messaging.FlutterFirebaseMessagingService"
152-->[:firebase_messaging] AndroidManifest.xml:19:13-97
153            android:exported="false" >
153-->[:firebase_messaging] AndroidManifest.xml:20:13-37
154            <intent-filter>
154-->[:firebase_messaging] AndroidManifest.xml:21:13-23:29
155                <action android:name="com.google.firebase.MESSAGING_EVENT" />
155-->[:firebase_messaging] AndroidManifest.xml:22:17-78
155-->[:firebase_messaging] AndroidManifest.xml:22:25-75
156            </intent-filter>
157        </service>
158
159        <receiver
159-->[:firebase_messaging] AndroidManifest.xml:26:9-33:20
160            android:name="io.flutter.plugins.firebase.messaging.FlutterFirebaseMessagingReceiver"
160-->[:firebase_messaging] AndroidManifest.xml:27:13-98
161            android:exported="true"
161-->[:firebase_messaging] AndroidManifest.xml:28:13-36
162            android:permission="com.google.android.c2dm.permission.SEND" >
162-->[:firebase_messaging] AndroidManifest.xml:29:13-73
163            <intent-filter>
163-->[:firebase_messaging] AndroidManifest.xml:30:13-32:29
164                <action android:name="com.google.android.c2dm.intent.RECEIVE" />
164-->[:firebase_messaging] AndroidManifest.xml:31:17-81
164-->[:firebase_messaging] AndroidManifest.xml:31:25-78
165            </intent-filter>
166        </receiver>
167
168        <service
168-->[:firebase_messaging] AndroidManifest.xml:35:9-39:19
169            android:name="com.google.firebase.components.ComponentDiscoveryService"
169-->[:firebase_messaging] AndroidManifest.xml:35:18-89
170            android:directBootAware="true"
170-->[com.google.firebase:firebase-common:20.2.0] AndroidManifest.xml:34:13-43
171            android:exported="false" >
171-->[com.google.firebase:firebase-messaging:23.1.0] AndroidManifest.xml:54:13-37
172            <meta-data
172-->[:firebase_messaging] AndroidManifest.xml:36:13-38:85
173                android:name="com.google.firebase.components:io.flutter.plugins.firebase.messaging.FlutterFirebaseAppRegistrar"
173-->[:firebase_messaging] AndroidManifest.xml:37:17-128
174                android:value="com.google.firebase.components.ComponentRegistrar" />
174-->[:firebase_messaging] AndroidManifest.xml:38:17-82
175            <meta-data
175-->[:firebase_dynamic_links] AndroidManifest.xml:11:13-13:85
176                android:name="com.google.firebase.components:io.flutter.plugins.firebase.dynamiclinks.FlutterFirebaseAppRegistrar"
176-->[:firebase_dynamic_links] AndroidManifest.xml:12:17-131
177                android:value="com.google.firebase.components.ComponentRegistrar" />
177-->[:firebase_dynamic_links] AndroidManifest.xml:13:17-82
178            <meta-data
178-->[:firebase_auth] AndroidManifest.xml:9:13-11:85
179                android:name="com.google.firebase.components:io.flutter.plugins.firebase.auth.FlutterFirebaseAuthRegistrar"
179-->[:firebase_auth] AndroidManifest.xml:10:17-124
180                android:value="com.google.firebase.components.ComponentRegistrar" />
180-->[:firebase_auth] AndroidManifest.xml:11:17-82
181            <meta-data
181-->[:firebase_core] AndroidManifest.xml:9:13-11:85
182                android:name="com.google.firebase.components:io.flutter.plugins.firebase.core.FlutterFirebaseCoreRegistrar"
182-->[:firebase_core] AndroidManifest.xml:10:17-124
183                android:value="com.google.firebase.components.ComponentRegistrar" />
183-->[:firebase_core] AndroidManifest.xml:11:17-82
184            <meta-data
184-->[com.google.firebase:firebase-messaging:23.1.0] AndroidManifest.xml:55:13-57:85
185                android:name="com.google.firebase.components:com.google.firebase.messaging.FirebaseMessagingRegistrar"
185-->[com.google.firebase:firebase-messaging:23.1.0] AndroidManifest.xml:56:17-119
186                android:value="com.google.firebase.components.ComponentRegistrar" />
186-->[com.google.firebase:firebase-messaging:23.1.0] AndroidManifest.xml:57:17-82
187            <meta-data
187-->[com.google.firebase:firebase-datatransport:18.1.7] AndroidManifest.xml:27:13-29:85
188                android:name="com.google.firebase.components:com.google.firebase.datatransport.TransportRegistrar"
188-->[com.google.firebase:firebase-datatransport:18.1.7] AndroidManifest.xml:28:17-115
189                android:value="com.google.firebase.components.ComponentRegistrar" />
189-->[com.google.firebase:firebase-datatransport:18.1.7] AndroidManifest.xml:29:17-82
190            <meta-data
190-->[com.google.firebase:firebase-auth:21.1.0] AndroidManifest.xml:67:13-69:85
191                android:name="com.google.firebase.components:com.google.firebase.auth.FirebaseAuthRegistrar"
191-->[com.google.firebase:firebase-auth:21.1.0] AndroidManifest.xml:68:17-109
192                android:value="com.google.firebase.components.ComponentRegistrar" />
192-->[com.google.firebase:firebase-auth:21.1.0] AndroidManifest.xml:69:17-82
193            <meta-data
193-->[com.google.firebase:firebase-iid:21.1.0] AndroidManifest.xml:32:13-34:85
194                android:name="com.google.firebase.components:com.google.firebase.iid.Registrar"
194-->[com.google.firebase:firebase-iid:21.1.0] AndroidManifest.xml:33:17-96
195                android:value="com.google.firebase.components.ComponentRegistrar" />
195-->[com.google.firebase:firebase-iid:21.1.0] AndroidManifest.xml:34:17-82
196            <meta-data
196-->[com.google.firebase:firebase-dynamic-links:21.1.0] AndroidManifest.xml:26:13-28:85
197                android:name="com.google.firebase.components:com.google.firebase.dynamiclinks.internal.FirebaseDynamicLinkRegistrar"
197-->[com.google.firebase:firebase-dynamic-links:21.1.0] AndroidManifest.xml:27:17-133
198                android:value="com.google.firebase.components.ComponentRegistrar" />
198-->[com.google.firebase:firebase-dynamic-links:21.1.0] AndroidManifest.xml:28:17-82
199            <meta-data
199-->[com.google.android.gms:play-services-measurement-api:21.2.0] AndroidManifest.xml:31:13-33:85
200                android:name="com.google.firebase.components:com.google.firebase.analytics.connector.internal.AnalyticsConnectorRegistrar"
200-->[com.google.android.gms:play-services-measurement-api:21.2.0] AndroidManifest.xml:32:17-139
201                android:value="com.google.firebase.components.ComponentRegistrar" />
201-->[com.google.android.gms:play-services-measurement-api:21.2.0] AndroidManifest.xml:33:17-82
202            <meta-data
202-->[com.google.firebase:firebase-installations:17.1.0] AndroidManifest.xml:17:13-19:85
203                android:name="com.google.firebase.components:com.google.firebase.installations.FirebaseInstallationsRegistrar"
203-->[com.google.firebase:firebase-installations:17.1.0] AndroidManifest.xml:18:17-127
204                android:value="com.google.firebase.components.ComponentRegistrar" />
204-->[com.google.firebase:firebase-installations:17.1.0] AndroidManifest.xml:19:17-82
205        </service>
206
207        <provider
207-->[:firebase_messaging] AndroidManifest.xml:41:9-45:38
208            android:name="io.flutter.plugins.firebase.messaging.FlutterFirebaseMessagingInitProvider"
208-->[:firebase_messaging] AndroidManifest.xml:42:13-102
209            android:authorities="com.mytop10storeuser.user.flutterfirebasemessaginginitprovider"
209-->[:firebase_messaging] AndroidManifest.xml:43:13-88
210            android:exported="false"
210-->[:firebase_messaging] AndroidManifest.xml:44:13-37
211            android:initOrder="99" />
211-->[:firebase_messaging] AndroidManifest.xml:45:13-35
212
213        <service
213-->[:geolocator_android] AndroidManifest.xml:10:9-14:56
214            android:name="com.baseflow.geolocator.GeolocatorLocationService"
214-->[:geolocator_android] AndroidManifest.xml:11:13-77
215            android:enabled="true"
215-->[:geolocator_android] AndroidManifest.xml:12:13-35
216            android:exported="false"
216-->[:geolocator_android] AndroidManifest.xml:13:13-37
217            android:foregroundServiceType="location" />
217-->[:geolocator_android] AndroidManifest.xml:14:13-53
218
219        <provider
219-->[:image_picker] AndroidManifest.xml:11:9-19:20
220            android:name="io.flutter.plugins.imagepicker.ImagePickerFileProvider"
220-->[:image_picker] AndroidManifest.xml:12:13-82
221            android:authorities="com.mytop10storeuser.user.flutter.image_provider"
221-->[:image_picker] AndroidManifest.xml:13:13-74
222            android:exported="false"
222-->[:image_picker] AndroidManifest.xml:14:13-37
223            android:grantUriPermissions="true" >
223-->[:image_picker] AndroidManifest.xml:15:13-47
224            <meta-data
224-->[:image_picker] AndroidManifest.xml:16:13-18:75
225                android:name="android.support.FILE_PROVIDER_PATHS"
225-->[:image_picker] AndroidManifest.xml:17:17-67
226                android:resource="@xml/flutter_image_picker_file_paths" />
226-->[:image_picker] AndroidManifest.xml:18:17-72
227        </provider>
228
229        <receiver
229-->[:flutter_local_notifications] AndroidManifest.xml:14:9-16:40
230            android:name="com.dexterous.flutterlocalnotifications.ActionBroadcastReceiver"
230-->[:flutter_local_notifications] AndroidManifest.xml:15:13-91
231            android:exported="false" />
231-->[:flutter_local_notifications] AndroidManifest.xml:16:13-37
232        <receiver
232-->[:flutter_local_notifications] AndroidManifest.xml:17:9-19:40
233            android:name="com.dexterous.flutterlocalnotifications.ScheduledNotificationReceiver"
233-->[:flutter_local_notifications] AndroidManifest.xml:18:13-97
234            android:exported="false" />
234-->[:flutter_local_notifications] AndroidManifest.xml:19:13-37
235        <receiver
235-->[:flutter_local_notifications] AndroidManifest.xml:20:9-29:20
236            android:name="com.dexterous.flutterlocalnotifications.ScheduledNotificationBootReceiver"
236-->[:flutter_local_notifications] AndroidManifest.xml:21:13-101
237            android:exported="false" >
237-->[:flutter_local_notifications] AndroidManifest.xml:22:13-37
238            <intent-filter>
238-->[:flutter_local_notifications] AndroidManifest.xml:23:13-28:29
239                <action android:name="android.intent.action.BOOT_COMPLETED" />
239-->[:flutter_local_notifications] AndroidManifest.xml:24:17-79
239-->[:flutter_local_notifications] AndroidManifest.xml:24:25-76
240                <action android:name="android.intent.action.MY_PACKAGE_REPLACED" />
240-->[:flutter_local_notifications] AndroidManifest.xml:25:17-84
240-->[:flutter_local_notifications] AndroidManifest.xml:25:25-81
241                <action android:name="android.intent.action.QUICKBOOT_POWERON" />
241-->[:flutter_local_notifications] AndroidManifest.xml:26:17-82
241-->[:flutter_local_notifications] AndroidManifest.xml:26:25-79
242                <action android:name="com.htc.intent.action.QUICKBOOT_POWERON" />
242-->[:flutter_local_notifications] AndroidManifest.xml:27:17-82
242-->[:flutter_local_notifications] AndroidManifest.xml:27:25-79
243            </intent-filter>
244        </receiver>
245
246        <provider
246-->[:share] AndroidManifest.xml:8:9-16:20
247            android:name="io.flutter.plugins.share.ShareFileProvider"
247-->[:share] AndroidManifest.xml:9:13-70
248            android:authorities="com.mytop10storeuser.user.flutter.share_provider"
248-->[:share] AndroidManifest.xml:10:13-74
249            android:exported="false"
249-->[:share] AndroidManifest.xml:11:13-37
250            android:grantUriPermissions="true" >
250-->[:share] AndroidManifest.xml:12:13-47
251            <meta-data
251-->[:image_picker] AndroidManifest.xml:16:13-18:75
252                android:name="android.support.FILE_PROVIDER_PATHS"
252-->[:image_picker] AndroidManifest.xml:17:17-67
253                android:resource="@xml/flutter_share_file_paths" />
253-->[:image_picker] AndroidManifest.xml:18:17-72
254        </provider>
255
256        <activity
256-->[:flutter_paystack] AndroidManifest.xml:10:9-12:54
257            android:name="co.paystack.flutterpaystack.AuthActivity"
257-->[:flutter_paystack] AndroidManifest.xml:11:13-68
258            android:theme="@style/Paystack.Dialog" />
258-->[:flutter_paystack] AndroidManifest.xml:12:13-51
259        <activity
259-->[:url_launcher_android] AndroidManifest.xml:8:9-11:74
260            android:name="io.flutter.plugins.urllauncher.WebViewActivity"
260-->[:url_launcher_android] AndroidManifest.xml:9:13-74
261            android:exported="false"
261-->[:url_launcher_android] AndroidManifest.xml:10:13-37
262            android:theme="@android:style/Theme.NoTitleBar.Fullscreen" />
262-->[:url_launcher_android] AndroidManifest.xml:11:13-71
263
264        <provider
264-->[:open_filex] AndroidManifest.xml:11:9-20:20
265            android:name="com.crazecoder.openfile.FileProvider"
265-->[:open_filex] AndroidManifest.xml:12:13-64
266            android:authorities="com.mytop10storeuser.user.fileProvider.com.crazecoder.openfile"
266-->[:open_filex] AndroidManifest.xml:13:13-88
267            android:exported="false"
267-->[:open_filex] AndroidManifest.xml:14:13-37
268            android:grantUriPermissions="true" >
268-->[:open_filex] AndroidManifest.xml:15:13-47
269            <meta-data
269-->[:image_picker] AndroidManifest.xml:16:13-18:75
270                android:name="android.support.FILE_PROVIDER_PATHS"
270-->[:image_picker] AndroidManifest.xml:17:17-67
271                android:resource="@xml/filepaths" />
271-->[:image_picker] AndroidManifest.xml:18:17-72
272        </provider>
273
274        <receiver
274-->[com.razorpay:checkout:1.6.29] AndroidManifest.xml:44:9-51:20
275            android:name="com.razorpay.RzpTokenReceiver"
275-->[com.razorpay:checkout:1.6.29] AndroidManifest.xml:45:13-57
276            android:exported="true" >
276-->[com.razorpay:checkout:1.6.29] AndroidManifest.xml:46:13-36
277            <intent-filter>
277-->[com.razorpay:checkout:1.6.29] AndroidManifest.xml:48:13-50:29
278                <action android:name="rzp.device_token.share" />
278-->[com.razorpay:checkout:1.6.29] AndroidManifest.xml:39:13-61
278-->[com.razorpay:checkout:1.6.29] AndroidManifest.xml:39:21-58
279            </intent-filter>
280        </receiver>
281
282        <activity
282-->[com.razorpay:checkout:1.6.29] AndroidManifest.xml:53:9-61:20
283            android:name="com.razorpay.CheckoutActivity"
283-->[com.razorpay:checkout:1.6.29] AndroidManifest.xml:54:13-57
284            android:configChanges="keyboard|keyboardHidden|orientation|screenSize"
284-->[com.razorpay:checkout:1.6.29] AndroidManifest.xml:55:13-83
285            android:exported="true"
285-->[com.razorpay:checkout:1.6.29] AndroidManifest.xml:56:13-36
286            android:theme="@style/CheckoutTheme" >
286-->[com.razorpay:checkout:1.6.29] AndroidManifest.xml:57:13-49
287            <intent-filter>
287-->[com.razorpay:checkout:1.6.29] AndroidManifest.xml:58:13-60:29
288                <action android:name="android.intent.action.MAIN" />
288-->src\main\AndroidManifest.xml:50:17-69
288-->src\main\AndroidManifest.xml:50:25-66
289            </intent-filter>
290        </activity>
291
292        <meta-data
292-->[com.razorpay:checkout:1.6.29] AndroidManifest.xml:63:9-65:58
293            android:name="com.razorpay.plugin.googlepay_all"
293-->[com.razorpay:checkout:1.6.29] AndroidManifest.xml:64:13-61
294            android:value="com.razorpay.RzpGpayMerged" />
294-->[com.razorpay:checkout:1.6.29] AndroidManifest.xml:65:13-55
295
296        <receiver
296-->[com.google.firebase:firebase-messaging:23.1.0] AndroidManifest.xml:31:9-38:20
297            android:name="com.google.firebase.iid.FirebaseInstanceIdReceiver"
297-->[com.google.firebase:firebase-messaging:23.1.0] AndroidManifest.xml:32:13-78
298            android:exported="true"
298-->[com.google.firebase:firebase-messaging:23.1.0] AndroidManifest.xml:33:13-36
299            android:permission="com.google.android.c2dm.permission.SEND" >